<?xml version="1.0" encoding="UTF-8"?>
<!-- Generated by org.testng.reporters.JUnitReportReporter -->
<testsuite hostname="FPNTOMEMKL" failures="0" tests="2" name="test.UltimateQATests" time="125.987" errors="0" timestamp="2021-11-03T22:31:52 SAST" skipped="0">
  <testcase classname="test.UltimateQATests" name="launchBrowser" time="61.718"/>
  <system-out/>
  <testcase classname="test.UltimateQATests" name="launchBrowser" time="64.269"/>
  <system-out/>
</testsuite> <!-- test.UltimateQATests -->
